<?xml version="1.0" encoding="UTF-8"?>
<!-- Generated by org.testng.reporters.JUnitReportReporter -->
<testsuite hostname="AYESHABANU" failures="0" tests="1" name="com.automation.test.fields.EnterFieldsTest" time="0.559" errors="0" timestamp="2025-03-06T15:49:53 IST" skipped="0">
  <testcase classname="com.automation.test.fields.EnterFieldsTest" name="VerifyGUIElements" time="0.559"/>
  <system-out/>
</testsuite> <!-- com.automation.test.fields.EnterFieldsTest -->
