<?xml version="1.0" encoding="UTF-8"?>
<!-- Generated by org.testng.reporters.JUnitReportReporter -->
<testsuite hostname="AYESHABANU" failures="0" tests="1" name="com.automation.test.datepickers.DatepickerTest" time="6.953" errors="0" timestamp="2025-03-06T15:49:53 IST" skipped="0">
  <testcase classname="com.automation.test.datepickers.DatepickerTest" name="VerifyDatePicker" time="6.953"/>
  <system-out/>
</testsuite> <!-- com.automation.test.datepickers.DatepickerTest -->
