<?xml version="1.0" encoding="UTF-8"?>
<!-- Generated by org.testng.reporters.JUnitReportReporter -->
<testsuite hostname="AYESHABANU" failures="0" tests="1" name="com.automation.test.checkbox.radiobutton.SelectRadioButtonTest" time="6.545" errors="0" timestamp="2025-03-06T15:49:53 IST" skipped="0">
  <testcase classname="com.automation.test.checkbox.radiobutton.SelectRadioButtonTest" name="VerifyRadiobutton" time="6.545"/>
  <system-out/>
</testsuite> <!-- com.automation.test.checkbox.radiobutton.SelectRadioButtonTest -->
