<?xml version="1.0" encoding="UTF-8"?>
<!-- Generated by org.testng.reporters.JUnitReportReporter -->
<testsuite hostname="AYESHABANU" failures="0" tests="1" name="com.automation.test.fields.EnterFieldsTest" time="0.622" errors="0" timestamp="2025-08-06T11:27:47 IST" skipped="0">
  <testcase classname="com.automation.test.fields.EnterFieldsTest" name="VerifyGUIElements" time="0.622"/>
  <system-out/>
</testsuite> <!-- com.automation.test.fields.EnterFieldsTest -->
