<?xml version="1.0" encoding="UTF-8"?>
<!-- Generated by org.testng.reporters.JUnitReportReporter -->
<testsuite hostname="AYESHABANU" failures="0" tests="1" name="com.automation.test.dropdowns.ColorsDropdownTest" time="2.234" errors="0" timestamp="2025-08-06T11:22:27 IST" skipped="0">
  <testcase classname="com.automation.test.dropdowns.ColorsDropdownTest" name="VerifyCountryDropdown" time="2.234"/>
  <system-out/>
</testsuite> <!-- com.automation.test.dropdowns.ColorsDropdownTest -->
