<?xml version="1.0" encoding="UTF-8"?>
<!-- Generated by org.testng.reporters.JUnitReportReporter -->
<testsuite hostname="AYESHABANU" failures="0" tests="1" name="com.automation.base.test.CountryDropdownTest" time="2.206" errors="0" timestamp="2025-02-28T12:48:20 IST" skipped="0">
  <testcase classname="com.automation.base.test.CountryDropdownTest" name="VerifyCountryDropdown" time="2.206"/>
  <system-out/>
</testsuite> <!-- com.automation.base.test.CountryDropdownTest -->
