<?xml version="1.0" encoding="UTF-8"?>
<!-- Generated by org.testng.reporters.JUnitReportReporter -->
<testsuite hostname="AYESHABANU" failures="0" tests="1" name="com.automation.base.test.SelectRadioButtonTest" time="2.147" errors="0" timestamp="2025-02-28T12:50:57 IST" skipped="0">
  <testcase classname="com.automation.base.test.SelectRadioButtonTest" name="VerifyRadiobutton" time="2.147"/>
  <system-out/>
</testsuite> <!-- com.automation.base.test.SelectRadioButtonTest -->
