<?xml version="1.0" encoding="UTF-8"?>
<!-- Generated by org.testng.reporters.JUnitReportReporter -->
<testsuite hostname="AYESHABANU" failures="0" tests="1" name="com.automation.test.checkbox.radiobutton.CheckBoxTest" time="2.225" errors="0" timestamp="2025-08-06T11:22:27 IST" skipped="0">
  <testcase classname="com.automation.test.checkbox.radiobutton.CheckBoxTest" name="VerifyCheckBox" time="2.225"/>
  <system-out/>
</testsuite> <!-- com.automation.test.checkbox.radiobutton.CheckBoxTest -->
